2021-06-04 00:41:00,249 - bb_file_manager - INFO - Starting the subject processing: Fri Jun  4 00:41:00 2021 
2021-06-04 00:41:00,249 - bb_file_manager - INFO - Subject received as input: HSAM1 
2021-06-04 00:41:00,252 - bb_file_manager - INFO - Performing action capitalize_and_clean on files with patterns ['*.[^log]'] 
2021-06-04 00:41:00,252 - bb_file_manager - INFO - File names changed to upper case. 
2021-06-04 00:41:00,253 - bb_file_manager - INFO - Performing action move_to on files with patterns ['dicom', 'DICOM'] 
2021-06-04 00:41:00,255 - bb_file_manager - INFO - Performing action manage_struct on files with patterns ['*T1*.nii.gz', '*MPRAGE*.nii.gz', '*IR-FSPGR*.nii.gz'] 
2021-06-04 00:41:00,255 - bb_file_manager - INFO - File moved/renamed: /home/wayne/HSAM/HSAM1/T1.nii.gz to T1/T1.nii.gz 
2021-06-04 00:41:00,267 - bb_file_manager - INFO - Performing action manage_struct on files with patterns ['T2*FLAIR*.nii.gz', '*FLAIR*.nii.gz'] 
2021-06-04 00:41:00,267 - bb_file_manager - ERROR - There was not an intensity-normalized T2. 
2021-06-04 00:41:00,273 - bb_file_manager - INFO - Performing action manage_fMRI on files with patterns ['*FMRI*RESTING*.nii.gz', 'MB8*RESTING*.nii.gz', '*TASK*REST*.nii.gz', '*task*rest*.nii.gz', '*epi_rest*.nii.gz', '*rsfMRI*.nii.gz', '*fcMRI*.nii.gz'] 
2021-06-04 00:41:00,273 - bb_file_manager - WARNING - There was no rfMRI FMRI data 
2021-06-04 00:41:00,277 - bb_file_manager - INFO - Performing action manage_fMRI on files with patterns ['*fmri*task*.nii.gz', '*FMRI*TASK*.nii.gz', 'MB8*TASK*.nii.gz', '*epi_movie*.nii.gz', '*epi_smt*.nii.gz'] 
2021-06-04 00:41:00,277 - bb_file_manager - WARNING - There was no tfMRI FMRI data 
2021-06-04 00:41:00,278 - bb_file_manager - INFO - Performing action manage_SWI on files with patterns ['SWI*nii.gz'] 
2021-06-04 00:41:00,278 - bb_file_manager - ERROR - There should be at least 134 SWI files. Only 0 found. There will be no SWI processing 
2021-06-04 00:41:00,282 - bb_file_manager - INFO - Performing action manage_DWI on files with patterns ['DIFF_*', 'MB3_*', '*dwi*.*', '*DWI*.*'] 
2021-06-04 00:41:00,282 - bb_file_manager - ERROR - There was no DWI data.  There will be no DWI processing. 
2021-06-04 00:41:00,283 - bb_file_manager - INFO - Performing action move_to on files with patterns ['SWI*.*'] 
2021-06-04 00:41:00,284 - bb_file_manager - INFO - Performing action move_to on files with patterns ['*.[^log]'] 
2021-06-04 00:41:00,284 - bb_file_manager - INFO - FILECONFIG: {'T1': 'T1/T1.nii.gz'} 
