2021-06-04 02:47:56,541 - bb_pipeline_diff - INFO - Starting the subject processing: Fri Jun  4 02:47:56 2021 
2021-06-04 02:47:56,541 - bb_pipeline_diff - INFO - Subject received as input: HSAM1 
2021-06-04 02:47:56,541 - bb_pipeline_diff - INFO - COMMAND TO RUN: 	${FSLDIR}/bin/fsl_sub -q ${QUEUE_STANDARD}   -N "bb_pre_eddy_HSAM1" -j -1  -l /home/wayne/HSAM/HSAM1/logs/ $BB_BIN_DIR/bb_diffusion_pipeline/bb_eddy/bb_pre_eddy HSAM1 
2021-06-04 02:47:56,560 - bb_pipeline_diff - ERROR - Exception raised during execution of: 	${FSLDIR}/bin/fsl_sub -q ${QUEUE_STANDARD}   -N "bb_pre_eddy_HSAM1" -j -1  -l /home/wayne/HSAM/HSAM1/logs/ $BB_BIN_DIR/bb_diffusion_pipeline/bb_eddy/bb_pre_eddy HSAM1 
2021-06-04 02:47:56,561 - bb_pipeline_diff - ERROR - Exception type: 	<class 'subprocess.CalledProcessError'> 
2021-06-04 02:47:56,561 - bb_pipeline_diff - ERROR - Exception args: 	(1, '${FSLDIR}/bin/fsl_sub -q ${QUEUE_STANDARD}   -N "bb_pre_eddy_HSAM1" -j -1  -l /home/wayne/HSAM/HSAM1/logs/ $BB_BIN_DIR/bb_diffusion_pipeline/bb_eddy/bb_pre_eddy HSAM1') 
2021-06-04 02:47:56,561 - bb_pipeline_diff - ERROR - Exception message: 	Command '${FSLDIR}/bin/fsl_sub -q ${QUEUE_STANDARD}   -N "bb_pre_eddy_HSAM1" -j -1  -l /home/wayne/HSAM/HSAM1/logs/ $BB_BIN_DIR/bb_diffusion_pipeline/bb_eddy/bb_pre_eddy HSAM1' returned non-zero exit status 1. 
2021-06-04 02:47:56,561 - bb_pipeline_diff - INFO - COMMAND TO RUN: 	${FSLDIR}/bin/fsl_sub -q ${QUEUE_MORE_MEM} -R 16000 -N "bb_eddy_HSAM1" -j   -l /home/wayne/HSAM/HSAM1/logs/ $BB_BIN_DIR/bb_diffusion_pipeline/bb_eddy/bb_eddy_wrap /home/wayne/HSAM/HSAM1 
2021-06-04 02:47:56,571 - bb_pipeline_diff - ERROR - Exception raised during execution of: 	${FSLDIR}/bin/fsl_sub -q ${QUEUE_MORE_MEM} -R 16000 -N "bb_eddy_HSAM1" -j   -l /home/wayne/HSAM/HSAM1/logs/ $BB_BIN_DIR/bb_diffusion_pipeline/bb_eddy/bb_eddy_wrap /home/wayne/HSAM/HSAM1 
2021-06-04 02:47:56,571 - bb_pipeline_diff - ERROR - Exception type: 	<class 'subprocess.CalledProcessError'> 
2021-06-04 02:47:56,571 - bb_pipeline_diff - ERROR - Exception args: 	(126, '${FSLDIR}/bin/fsl_sub -q ${QUEUE_MORE_MEM} -R 16000 -N "bb_eddy_HSAM1" -j   -l /home/wayne/HSAM/HSAM1/logs/ $BB_BIN_DIR/bb_diffusion_pipeline/bb_eddy/bb_eddy_wrap /home/wayne/HSAM/HSAM1') 
2021-06-04 02:47:56,571 - bb_pipeline_diff - ERROR - Exception message: 	Command '${FSLDIR}/bin/fsl_sub -q ${QUEUE_MORE_MEM} -R 16000 -N "bb_eddy_HSAM1" -j   -l /home/wayne/HSAM/HSAM1/logs/ $BB_BIN_DIR/bb_diffusion_pipeline/bb_eddy/bb_eddy_wrap /home/wayne/HSAM/HSAM1' returned non-zero exit status 126. 
2021-06-04 02:47:56,571 - bb_pipeline_diff - INFO - COMMAND TO RUN: 	${FSLDIR}/bin/fsl_sub -q ${QUEUE_STANDARD}  -N "bb_post_eddy_HSAM1" -j   -l /home/wayne/HSAM/HSAM1/logs/ $BB_BIN_DIR/bb_diffusion_pipeline/bb_eddy/bb_post_eddy /home/wayne/HSAM/HSAM1 
2021-06-04 02:47:56,581 - bb_pipeline_diff - ERROR - Exception raised during execution of: 	${FSLDIR}/bin/fsl_sub -q ${QUEUE_STANDARD}  -N "bb_post_eddy_HSAM1" -j   -l /home/wayne/HSAM/HSAM1/logs/ $BB_BIN_DIR/bb_diffusion_pipeline/bb_eddy/bb_post_eddy /home/wayne/HSAM/HSAM1 
2021-06-04 02:47:56,581 - bb_pipeline_diff - ERROR - Exception type: 	<class 'subprocess.CalledProcessError'> 
2021-06-04 02:47:56,581 - bb_pipeline_diff - ERROR - Exception args: 	(126, '${FSLDIR}/bin/fsl_sub -q ${QUEUE_STANDARD}  -N "bb_post_eddy_HSAM1" -j   -l /home/wayne/HSAM/HSAM1/logs/ $BB_BIN_DIR/bb_diffusion_pipeline/bb_eddy/bb_post_eddy /home/wayne/HSAM/HSAM1') 
2021-06-04 02:47:56,581 - bb_pipeline_diff - ERROR - Exception message: 	Command '${FSLDIR}/bin/fsl_sub -q ${QUEUE_STANDARD}  -N "bb_post_eddy_HSAM1" -j   -l /home/wayne/HSAM/HSAM1/logs/ $BB_BIN_DIR/bb_diffusion_pipeline/bb_eddy/bb_post_eddy /home/wayne/HSAM/HSAM1' returned non-zero exit status 126. 
2021-06-04 02:47:56,581 - bb_pipeline_diff - INFO - COMMAND TO RUN: 	${FSLDIR}/bin/fsl_sub -q ${QUEUE_STANDARD}   -N "bb_dtifit_HSAM1" -j   -l /home/wayne/HSAM/HSAM1/logs/ ${FSLDIR}/bin/dtifit -k /home/wayne/HSAM/HSAM1/dMRI/dMRI/data_1_shell -m /home/wayne/HSAM/HSAM1/dMRI/dMRI/nodif_brain_mask -r /home/wayne/HSAM/HSAM1/dMRI/dMRI/data_1_shell.bvec -b /home/wayne/HSAM/HSAM1/dMRI/dMRI/data_1_shell.bval -o /home/wayne/HSAM/HSAM1/dMRI/dMRI/dti 
2021-06-04 02:47:56,591 - bb_pipeline_diff - ERROR - Exception raised during execution of: 	${FSLDIR}/bin/fsl_sub -q ${QUEUE_STANDARD}   -N "bb_dtifit_HSAM1" -j   -l /home/wayne/HSAM/HSAM1/logs/ ${FSLDIR}/bin/dtifit -k /home/wayne/HSAM/HSAM1/dMRI/dMRI/data_1_shell -m /home/wayne/HSAM/HSAM1/dMRI/dMRI/nodif_brain_mask -r /home/wayne/HSAM/HSAM1/dMRI/dMRI/data_1_shell.bvec -b /home/wayne/HSAM/HSAM1/dMRI/dMRI/data_1_shell.bval -o /home/wayne/HSAM/HSAM1/dMRI/dMRI/dti 
2021-06-04 02:47:56,591 - bb_pipeline_diff - ERROR - Exception type: 	<class 'subprocess.CalledProcessError'> 
2021-06-04 02:47:56,591 - bb_pipeline_diff - ERROR - Exception args: 	(126, '${FSLDIR}/bin/fsl_sub -q ${QUEUE_STANDARD}   -N "bb_dtifit_HSAM1" -j   -l /home/wayne/HSAM/HSAM1/logs/ ${FSLDIR}/bin/dtifit -k /home/wayne/HSAM/HSAM1/dMRI/dMRI/data_1_shell -m /home/wayne/HSAM/HSAM1/dMRI/dMRI/nodif_brain_mask -r /home/wayne/HSAM/HSAM1/dMRI/dMRI/data_1_shell.bvec -b /home/wayne/HSAM/HSAM1/dMRI/dMRI/data_1_shell.bval -o /home/wayne/HSAM/HSAM1/dMRI/dMRI/dti') 
2021-06-04 02:47:56,592 - bb_pipeline_diff - ERROR - Exception message: 	Command '${FSLDIR}/bin/fsl_sub -q ${QUEUE_STANDARD}   -N "bb_dtifit_HSAM1" -j   -l /home/wayne/HSAM/HSAM1/logs/ ${FSLDIR}/bin/dtifit -k /home/wayne/HSAM/HSAM1/dMRI/dMRI/data_1_shell -m /home/wayne/HSAM/HSAM1/dMRI/dMRI/nodif_brain_mask -r /home/wayne/HSAM/HSAM1/dMRI/dMRI/data_1_shell.bvec -b /home/wayne/HSAM/HSAM1/dMRI/dMRI/data_1_shell.bval -o /home/wayne/HSAM/HSAM1/dMRI/dMRI/dti' returned non-zero exit status 126. 
2021-06-04 02:47:56,592 - bb_pipeline_diff - INFO - COMMAND TO RUN: 	${FSLDIR}/bin/fsl_sub -q ${QUEUE_STANDARD} -N "bb_tbss_HSAM1" -j   -l /home/wayne/HSAM/HSAM1/logs/ $BB_BIN_DIR/bb_diffusion_pipeline/bb_tbss/bb_tbss_general HSAM1 
2021-06-04 02:47:56,602 - bb_pipeline_diff - ERROR - Exception raised during execution of: 	${FSLDIR}/bin/fsl_sub -q ${QUEUE_STANDARD} -N "bb_tbss_HSAM1" -j   -l /home/wayne/HSAM/HSAM1/logs/ $BB_BIN_DIR/bb_diffusion_pipeline/bb_tbss/bb_tbss_general HSAM1 
2021-06-04 02:47:56,602 - bb_pipeline_diff - ERROR - Exception type: 	<class 'subprocess.CalledProcessError'> 
2021-06-04 02:47:56,602 - bb_pipeline_diff - ERROR - Exception args: 	(126, '${FSLDIR}/bin/fsl_sub -q ${QUEUE_STANDARD} -N "bb_tbss_HSAM1" -j   -l /home/wayne/HSAM/HSAM1/logs/ $BB_BIN_DIR/bb_diffusion_pipeline/bb_tbss/bb_tbss_general HSAM1') 
2021-06-04 02:47:56,602 - bb_pipeline_diff - ERROR - Exception message: 	Command '${FSLDIR}/bin/fsl_sub -q ${QUEUE_STANDARD} -N "bb_tbss_HSAM1" -j   -l /home/wayne/HSAM/HSAM1/logs/ $BB_BIN_DIR/bb_diffusion_pipeline/bb_tbss/bb_tbss_general HSAM1' returned non-zero exit status 126. 
2021-06-04 02:47:56,602 - bb_pipeline_diff - INFO - COMMAND TO RUN: 	${FSLDIR}/bin/fsl_sub -q ${QUEUE_STANDARD}   -N "bb_pre_bedpostx_gpu_HSAM1" -j   -l /home/wayne/HSAM/HSAM1/logs/ $BB_BIN_DIR/bb_diffusion_pipeline/bb_bedpostx/bb_pre_bedpostx_gpu /home/wayne/HSAM/HSAM1/dMRI 
2021-06-04 02:47:56,612 - bb_pipeline_diff - ERROR - Exception raised during execution of: 	${FSLDIR}/bin/fsl_sub -q ${QUEUE_STANDARD}   -N "bb_pre_bedpostx_gpu_HSAM1" -j   -l /home/wayne/HSAM/HSAM1/logs/ $BB_BIN_DIR/bb_diffusion_pipeline/bb_bedpostx/bb_pre_bedpostx_gpu /home/wayne/HSAM/HSAM1/dMRI 
2021-06-04 02:47:56,612 - bb_pipeline_diff - ERROR - Exception type: 	<class 'subprocess.CalledProcessError'> 
2021-06-04 02:47:56,612 - bb_pipeline_diff - ERROR - Exception args: 	(126, '${FSLDIR}/bin/fsl_sub -q ${QUEUE_STANDARD}   -N "bb_pre_bedpostx_gpu_HSAM1" -j   -l /home/wayne/HSAM/HSAM1/logs/ $BB_BIN_DIR/bb_diffusion_pipeline/bb_bedpostx/bb_pre_bedpostx_gpu /home/wayne/HSAM/HSAM1/dMRI') 
2021-06-04 02:47:56,612 - bb_pipeline_diff - ERROR - Exception message: 	Command '${FSLDIR}/bin/fsl_sub -q ${QUEUE_STANDARD}   -N "bb_pre_bedpostx_gpu_HSAM1" -j   -l /home/wayne/HSAM/HSAM1/logs/ $BB_BIN_DIR/bb_diffusion_pipeline/bb_bedpostx/bb_pre_bedpostx_gpu /home/wayne/HSAM/HSAM1/dMRI' returned non-zero exit status 126. 
2021-06-04 02:47:56,612 - bb_pipeline_diff - INFO - COMMAND TO RUN: 	${FSLDIR}/bin/fsl_sub -q ${QUEUE_MORE_MEM} -R 16000 -N "bb_bedpostx_gpu_HSAM1" -j   -l /home/wayne/HSAM/HSAM1/logs/ $BB_BIN_DIR/bb_diffusion_pipeline/bb_bedpostx/bb_bedpostx_gpu /home/wayne/HSAM/HSAM1/dMRI 
2021-06-04 02:47:56,621 - bb_pipeline_diff - ERROR - Exception raised during execution of: 	${FSLDIR}/bin/fsl_sub -q ${QUEUE_MORE_MEM} -R 16000 -N "bb_bedpostx_gpu_HSAM1" -j   -l /home/wayne/HSAM/HSAM1/logs/ $BB_BIN_DIR/bb_diffusion_pipeline/bb_bedpostx/bb_bedpostx_gpu /home/wayne/HSAM/HSAM1/dMRI 
2021-06-04 02:47:56,621 - bb_pipeline_diff - ERROR - Exception type: 	<class 'subprocess.CalledProcessError'> 
2021-06-04 02:47:56,621 - bb_pipeline_diff - ERROR - Exception args: 	(126, '${FSLDIR}/bin/fsl_sub -q ${QUEUE_MORE_MEM} -R 16000 -N "bb_bedpostx_gpu_HSAM1" -j   -l /home/wayne/HSAM/HSAM1/logs/ $BB_BIN_DIR/bb_diffusion_pipeline/bb_bedpostx/bb_bedpostx_gpu /home/wayne/HSAM/HSAM1/dMRI') 
2021-06-04 02:47:56,621 - bb_pipeline_diff - ERROR - Exception message: 	Command '${FSLDIR}/bin/fsl_sub -q ${QUEUE_MORE_MEM} -R 16000 -N "bb_bedpostx_gpu_HSAM1" -j   -l /home/wayne/HSAM/HSAM1/logs/ $BB_BIN_DIR/bb_diffusion_pipeline/bb_bedpostx/bb_bedpostx_gpu /home/wayne/HSAM/HSAM1/dMRI' returned non-zero exit status 126. 
2021-06-04 02:47:56,621 - bb_pipeline_diff - INFO - COMMAND TO RUN: 	${FSLDIR}/bin/fsl_sub -q ${QUEUE_STANDARD} -N "bb_pre_probtrackx_HSAM1" -j  -l /home/wayne/HSAM/HSAM1/logs/ $BB_BIN_DIR/bb_diffusion_pipeline/bb_probtrackx2/bb_pre_probtrackx2 /home/wayne/HSAM/HSAM1 
2021-06-04 02:47:56,632 - bb_pipeline_diff - ERROR - Exception raised during execution of: 	${FSLDIR}/bin/fsl_sub -q ${QUEUE_STANDARD} -N "bb_pre_probtrackx_HSAM1" -j  -l /home/wayne/HSAM/HSAM1/logs/ $BB_BIN_DIR/bb_diffusion_pipeline/bb_probtrackx2/bb_pre_probtrackx2 /home/wayne/HSAM/HSAM1 
2021-06-04 02:47:56,632 - bb_pipeline_diff - ERROR - Exception type: 	<class 'subprocess.CalledProcessError'> 
2021-06-04 02:47:56,632 - bb_pipeline_diff - ERROR - Exception args: 	(126, '${FSLDIR}/bin/fsl_sub -q ${QUEUE_STANDARD} -N "bb_pre_probtrackx_HSAM1" -j  -l /home/wayne/HSAM/HSAM1/logs/ $BB_BIN_DIR/bb_diffusion_pipeline/bb_probtrackx2/bb_pre_probtrackx2 /home/wayne/HSAM/HSAM1') 
2021-06-04 02:47:56,632 - bb_pipeline_diff - ERROR - Exception message: 	Command '${FSLDIR}/bin/fsl_sub -q ${QUEUE_STANDARD} -N "bb_pre_probtrackx_HSAM1" -j  -l /home/wayne/HSAM/HSAM1/logs/ $BB_BIN_DIR/bb_diffusion_pipeline/bb_probtrackx2/bb_pre_probtrackx2 /home/wayne/HSAM/HSAM1' returned non-zero exit status 126. 
2021-06-04 02:47:56,632 - bb_pipeline_diff - INFO - COMMAND TO RUN: 	qsub -V -cwd -terse -q ${QUEUE_MORE_MEM} -N "bb_probtrackx_HSAM1" -hold_jid  -l h_vmem=16G -b y -t 1-10 '/home/wayne/HSAM/HSAM1/dMRI/probtrackx/probtrackx_commands_$SGE_TASK_ID.txt' 
2021-06-04 02:47:56,633 - bb_pipeline_diff - ERROR - Exception raised during execution of: 	qsub -V -cwd -terse -q ${QUEUE_MORE_MEM} -N "bb_probtrackx_HSAM1" -hold_jid  -l h_vmem=16G -b y -t 1-10 '/home/wayne/HSAM/HSAM1/dMRI/probtrackx/probtrackx_commands_$SGE_TASK_ID.txt' 
2021-06-04 02:47:56,633 - bb_pipeline_diff - ERROR - Exception type: 	<class 'subprocess.CalledProcessError'> 
2021-06-04 02:47:56,634 - bb_pipeline_diff - ERROR - Exception args: 	(127, 'qsub -V -cwd -terse -q ${QUEUE_MORE_MEM} -N "bb_probtrackx_HSAM1" -hold_jid  -l h_vmem=16G -b y -t 1-10 \'/home/wayne/HSAM/HSAM1/dMRI/probtrackx/probtrackx_commands_$SGE_TASK_ID.txt\'') 
2021-06-04 02:47:56,634 - bb_pipeline_diff - ERROR - Exception message: 	Command 'qsub -V -cwd -terse -q ${QUEUE_MORE_MEM} -N "bb_probtrackx_HSAM1" -hold_jid  -l h_vmem=16G -b y -t 1-10 '/home/wayne/HSAM/HSAM1/dMRI/probtrackx/probtrackx_commands_$SGE_TASK_ID.txt'' returned non-zero exit status 127. 
2021-06-04 02:47:56,634 - bb_pipeline_diff - INFO - COMMAND TO RUN: 	${FSLDIR}/bin/fsl_sub -q ${QUEUE_STANDARD} -N "bb_post_probtrackx_HSAM1" -j  -l /home/wayne/HSAM/HSAM1/logs/ $BB_BIN_DIR/bb_diffusion_pipeline/bb_probtrackx2/bb_post_probtrackx2 HSAM1 
2021-06-04 02:47:56,644 - bb_pipeline_diff - ERROR - Exception raised during execution of: 	${FSLDIR}/bin/fsl_sub -q ${QUEUE_STANDARD} -N "bb_post_probtrackx_HSAM1" -j  -l /home/wayne/HSAM/HSAM1/logs/ $BB_BIN_DIR/bb_diffusion_pipeline/bb_probtrackx2/bb_post_probtrackx2 HSAM1 
2021-06-04 02:47:56,644 - bb_pipeline_diff - ERROR - Exception type: 	<class 'subprocess.CalledProcessError'> 
2021-06-04 02:47:56,644 - bb_pipeline_diff - ERROR - Exception args: 	(126, '${FSLDIR}/bin/fsl_sub -q ${QUEUE_STANDARD} -N "bb_post_probtrackx_HSAM1" -j  -l /home/wayne/HSAM/HSAM1/logs/ $BB_BIN_DIR/bb_diffusion_pipeline/bb_probtrackx2/bb_post_probtrackx2 HSAM1') 
2021-06-04 02:47:56,644 - bb_pipeline_diff - ERROR - Exception message: 	Command '${FSLDIR}/bin/fsl_sub -q ${QUEUE_STANDARD} -N "bb_post_probtrackx_HSAM1" -j  -l /home/wayne/HSAM/HSAM1/logs/ $BB_BIN_DIR/bb_diffusion_pipeline/bb_probtrackx2/bb_post_probtrackx2 HSAM1' returned non-zero exit status 126. 
