2021-06-04 03:14:14,550 - bb_pipeline_diff - INFO - Starting the subject processing: Fri Jun  4 03:14:14 2021 
2021-06-04 03:14:14,551 - bb_pipeline_diff - INFO - Subject received as input: HSAM1 
2021-06-04 03:14:14,551 - bb_pipeline_diff - INFO - COMMAND TO RUN: 	${FSLDIR}/bin/fsl_sub -q ${QUEUE_STANDARD}   -N "bb_pre_eddy_HSAM1" -j   -l /home/yxw190015/HSAM/HSAM1/logs/ $BB_BIN_DIR/bb_diffusion_pipeline/bb_eddy/bb_pre_eddy HSAM1 
2021-06-04 03:14:14,573 - bb_pipeline_diff - ERROR - Exception raised during execution of: 	${FSLDIR}/bin/fsl_sub -q ${QUEUE_STANDARD}   -N "bb_pre_eddy_HSAM1" -j   -l /home/yxw190015/HSAM/HSAM1/logs/ $BB_BIN_DIR/bb_diffusion_pipeline/bb_eddy/bb_pre_eddy HSAM1 
2021-06-04 03:14:14,573 - bb_pipeline_diff - ERROR - Exception type: 	<class 'subprocess.CalledProcessError'> 
2021-06-04 03:14:14,573 - bb_pipeline_diff - ERROR - Exception args: 	(126, '${FSLDIR}/bin/fsl_sub -q ${QUEUE_STANDARD}   -N "bb_pre_eddy_HSAM1" -j   -l /home/yxw190015/HSAM/HSAM1/logs/ $BB_BIN_DIR/bb_diffusion_pipeline/bb_eddy/bb_pre_eddy HSAM1') 
2021-06-04 03:14:14,573 - bb_pipeline_diff - ERROR - Exception message: 	Command '${FSLDIR}/bin/fsl_sub -q ${QUEUE_STANDARD}   -N "bb_pre_eddy_HSAM1" -j   -l /home/yxw190015/HSAM/HSAM1/logs/ $BB_BIN_DIR/bb_diffusion_pipeline/bb_eddy/bb_pre_eddy HSAM1' returned non-zero exit status 126. 
2021-06-04 03:14:14,573 - bb_pipeline_diff - INFO - COMMAND TO RUN: 	${FSLDIR}/bin/fsl_sub -q ${QUEUE_STANDARD}  -N "bb_eddy_HSAM1" -j   -l /home/yxw190015/HSAM/HSAM1/logs/ $BB_BIN_DIR/bb_diffusion_pipeline/bb_eddy/bb_eddy_wrap /home/yxw190015/HSAM/HSAM1 
2021-06-04 03:14:14,594 - bb_pipeline_diff - ERROR - Exception raised during execution of: 	${FSLDIR}/bin/fsl_sub -q ${QUEUE_STANDARD}  -N "bb_eddy_HSAM1" -j   -l /home/yxw190015/HSAM/HSAM1/logs/ $BB_BIN_DIR/bb_diffusion_pipeline/bb_eddy/bb_eddy_wrap /home/yxw190015/HSAM/HSAM1 
2021-06-04 03:14:14,594 - bb_pipeline_diff - ERROR - Exception type: 	<class 'subprocess.CalledProcessError'> 
2021-06-04 03:14:14,594 - bb_pipeline_diff - ERROR - Exception args: 	(126, '${FSLDIR}/bin/fsl_sub -q ${QUEUE_STANDARD}  -N "bb_eddy_HSAM1" -j   -l /home/yxw190015/HSAM/HSAM1/logs/ $BB_BIN_DIR/bb_diffusion_pipeline/bb_eddy/bb_eddy_wrap /home/yxw190015/HSAM/HSAM1') 
2021-06-04 03:14:14,594 - bb_pipeline_diff - ERROR - Exception message: 	Command '${FSLDIR}/bin/fsl_sub -q ${QUEUE_STANDARD}  -N "bb_eddy_HSAM1" -j   -l /home/yxw190015/HSAM/HSAM1/logs/ $BB_BIN_DIR/bb_diffusion_pipeline/bb_eddy/bb_eddy_wrap /home/yxw190015/HSAM/HSAM1' returned non-zero exit status 126. 
2021-06-04 03:14:14,594 - bb_pipeline_diff - INFO - COMMAND TO RUN: 	${FSLDIR}/bin/fsl_sub -q ${QUEUE_STANDARD}  -N "bb_post_eddy_HSAM1" -j   -l /home/yxw190015/HSAM/HSAM1/logs/ $BB_BIN_DIR/bb_diffusion_pipeline/bb_eddy/bb_post_eddy /home/yxw190015/HSAM/HSAM1 
2021-06-04 03:14:14,615 - bb_pipeline_diff - ERROR - Exception raised during execution of: 	${FSLDIR}/bin/fsl_sub -q ${QUEUE_STANDARD}  -N "bb_post_eddy_HSAM1" -j   -l /home/yxw190015/HSAM/HSAM1/logs/ $BB_BIN_DIR/bb_diffusion_pipeline/bb_eddy/bb_post_eddy /home/yxw190015/HSAM/HSAM1 
2021-06-04 03:14:14,615 - bb_pipeline_diff - ERROR - Exception type: 	<class 'subprocess.CalledProcessError'> 
2021-06-04 03:14:14,615 - bb_pipeline_diff - ERROR - Exception args: 	(126, '${FSLDIR}/bin/fsl_sub -q ${QUEUE_STANDARD}  -N "bb_post_eddy_HSAM1" -j   -l /home/yxw190015/HSAM/HSAM1/logs/ $BB_BIN_DIR/bb_diffusion_pipeline/bb_eddy/bb_post_eddy /home/yxw190015/HSAM/HSAM1') 
2021-06-04 03:14:14,615 - bb_pipeline_diff - ERROR - Exception message: 	Command '${FSLDIR}/bin/fsl_sub -q ${QUEUE_STANDARD}  -N "bb_post_eddy_HSAM1" -j   -l /home/yxw190015/HSAM/HSAM1/logs/ $BB_BIN_DIR/bb_diffusion_pipeline/bb_eddy/bb_post_eddy /home/yxw190015/HSAM/HSAM1' returned non-zero exit status 126. 
2021-06-04 03:14:14,615 - bb_pipeline_diff - INFO - COMMAND TO RUN: 	${FSLDIR}/bin/fsl_sub -q ${QUEUE_STANDARD}   -N "bb_dtifit_HSAM1" -j   -l /home/yxw190015/HSAM/HSAM1/logs/ ${FSLDIR}/bin/dtifit -k /home/yxw190015/HSAM/HSAM1/dMRI/dMRI/data_1_shell -m /home/yxw190015/HSAM/HSAM1/dMRI/dMRI/nodif_brain_mask -r /home/yxw190015/HSAM/HSAM1/dMRI/dMRI/data_1_shell.bvec -b /home/yxw190015/HSAM/HSAM1/dMRI/dMRI/data_1_shell.bval -o /home/yxw190015/HSAM/HSAM1/dMRI/dMRI/dti 
2021-06-04 03:14:14,635 - bb_pipeline_diff - ERROR - Exception raised during execution of: 	${FSLDIR}/bin/fsl_sub -q ${QUEUE_STANDARD}   -N "bb_dtifit_HSAM1" -j   -l /home/yxw190015/HSAM/HSAM1/logs/ ${FSLDIR}/bin/dtifit -k /home/yxw190015/HSAM/HSAM1/dMRI/dMRI/data_1_shell -m /home/yxw190015/HSAM/HSAM1/dMRI/dMRI/nodif_brain_mask -r /home/yxw190015/HSAM/HSAM1/dMRI/dMRI/data_1_shell.bvec -b /home/yxw190015/HSAM/HSAM1/dMRI/dMRI/data_1_shell.bval -o /home/yxw190015/HSAM/HSAM1/dMRI/dMRI/dti 
2021-06-04 03:14:14,635 - bb_pipeline_diff - ERROR - Exception type: 	<class 'subprocess.CalledProcessError'> 
2021-06-04 03:14:14,636 - bb_pipeline_diff - ERROR - Exception args: 	(126, '${FSLDIR}/bin/fsl_sub -q ${QUEUE_STANDARD}   -N "bb_dtifit_HSAM1" -j   -l /home/yxw190015/HSAM/HSAM1/logs/ ${FSLDIR}/bin/dtifit -k /home/yxw190015/HSAM/HSAM1/dMRI/dMRI/data_1_shell -m /home/yxw190015/HSAM/HSAM1/dMRI/dMRI/nodif_brain_mask -r /home/yxw190015/HSAM/HSAM1/dMRI/dMRI/data_1_shell.bvec -b /home/yxw190015/HSAM/HSAM1/dMRI/dMRI/data_1_shell.bval -o /home/yxw190015/HSAM/HSAM1/dMRI/dMRI/dti') 
2021-06-04 03:14:14,636 - bb_pipeline_diff - ERROR - Exception message: 	Command '${FSLDIR}/bin/fsl_sub -q ${QUEUE_STANDARD}   -N "bb_dtifit_HSAM1" -j   -l /home/yxw190015/HSAM/HSAM1/logs/ ${FSLDIR}/bin/dtifit -k /home/yxw190015/HSAM/HSAM1/dMRI/dMRI/data_1_shell -m /home/yxw190015/HSAM/HSAM1/dMRI/dMRI/nodif_brain_mask -r /home/yxw190015/HSAM/HSAM1/dMRI/dMRI/data_1_shell.bvec -b /home/yxw190015/HSAM/HSAM1/dMRI/dMRI/data_1_shell.bval -o /home/yxw190015/HSAM/HSAM1/dMRI/dMRI/dti' returned non-zero exit status 126. 
2021-06-04 03:14:14,636 - bb_pipeline_diff - INFO - COMMAND TO RUN: 	${FSLDIR}/bin/fsl_sub -q ${QUEUE_STANDARD} -N "bb_tbss_HSAM1" -j   -l /home/yxw190015/HSAM/HSAM1/logs/ $BB_BIN_DIR/bb_diffusion_pipeline/bb_tbss/bb_tbss_general HSAM1 
2021-06-04 03:14:14,656 - bb_pipeline_diff - ERROR - Exception raised during execution of: 	${FSLDIR}/bin/fsl_sub -q ${QUEUE_STANDARD} -N "bb_tbss_HSAM1" -j   -l /home/yxw190015/HSAM/HSAM1/logs/ $BB_BIN_DIR/bb_diffusion_pipeline/bb_tbss/bb_tbss_general HSAM1 
2021-06-04 03:14:14,657 - bb_pipeline_diff - ERROR - Exception type: 	<class 'subprocess.CalledProcessError'> 
2021-06-04 03:14:14,657 - bb_pipeline_diff - ERROR - Exception args: 	(126, '${FSLDIR}/bin/fsl_sub -q ${QUEUE_STANDARD} -N "bb_tbss_HSAM1" -j   -l /home/yxw190015/HSAM/HSAM1/logs/ $BB_BIN_DIR/bb_diffusion_pipeline/bb_tbss/bb_tbss_general HSAM1') 
2021-06-04 03:14:14,657 - bb_pipeline_diff - ERROR - Exception message: 	Command '${FSLDIR}/bin/fsl_sub -q ${QUEUE_STANDARD} -N "bb_tbss_HSAM1" -j   -l /home/yxw190015/HSAM/HSAM1/logs/ $BB_BIN_DIR/bb_diffusion_pipeline/bb_tbss/bb_tbss_general HSAM1' returned non-zero exit status 126. 
2021-06-04 03:14:14,657 - bb_pipeline_diff - INFO - COMMAND TO RUN: 	${FSLDIR}/bin/fsl_sub -q ${QUEUE_STANDARD}   -N "bb_pre_bedpostx_gpu_HSAM1" -j   -l /home/yxw190015/HSAM/HSAM1/logs/ $BB_BIN_DIR/bb_diffusion_pipeline/bb_bedpostx/bb_pre_bedpostx_gpu /home/yxw190015/HSAM/HSAM1/dMRI 
2021-06-04 03:14:14,678 - bb_pipeline_diff - ERROR - Exception raised during execution of: 	${FSLDIR}/bin/fsl_sub -q ${QUEUE_STANDARD}   -N "bb_pre_bedpostx_gpu_HSAM1" -j   -l /home/yxw190015/HSAM/HSAM1/logs/ $BB_BIN_DIR/bb_diffusion_pipeline/bb_bedpostx/bb_pre_bedpostx_gpu /home/yxw190015/HSAM/HSAM1/dMRI 
2021-06-04 03:14:14,678 - bb_pipeline_diff - ERROR - Exception type: 	<class 'subprocess.CalledProcessError'> 
2021-06-04 03:14:14,678 - bb_pipeline_diff - ERROR - Exception args: 	(126, '${FSLDIR}/bin/fsl_sub -q ${QUEUE_STANDARD}   -N "bb_pre_bedpostx_gpu_HSAM1" -j   -l /home/yxw190015/HSAM/HSAM1/logs/ $BB_BIN_DIR/bb_diffusion_pipeline/bb_bedpostx/bb_pre_bedpostx_gpu /home/yxw190015/HSAM/HSAM1/dMRI') 
2021-06-04 03:14:14,678 - bb_pipeline_diff - ERROR - Exception message: 	Command '${FSLDIR}/bin/fsl_sub -q ${QUEUE_STANDARD}   -N "bb_pre_bedpostx_gpu_HSAM1" -j   -l /home/yxw190015/HSAM/HSAM1/logs/ $BB_BIN_DIR/bb_diffusion_pipeline/bb_bedpostx/bb_pre_bedpostx_gpu /home/yxw190015/HSAM/HSAM1/dMRI' returned non-zero exit status 126. 
2021-06-04 03:14:14,678 - bb_pipeline_diff - INFO - COMMAND TO RUN: 	${FSLDIR}/bin/fsl_sub -q ${QUEUE_MORE_MEM} -N "bb_bedpostx_gpu_HSAM1" -j   -l /home/yxw190015/HSAM/HSAM1/logs/ $BB_BIN_DIR/bb_diffusion_pipeline/bb_bedpostx/bb_bedpostx_gpu /home/yxw190015/HSAM/HSAM1/dMRI 
2021-06-04 03:14:14,700 - bb_pipeline_diff - ERROR - Exception raised during execution of: 	${FSLDIR}/bin/fsl_sub -q ${QUEUE_MORE_MEM} -N "bb_bedpostx_gpu_HSAM1" -j   -l /home/yxw190015/HSAM/HSAM1/logs/ $BB_BIN_DIR/bb_diffusion_pipeline/bb_bedpostx/bb_bedpostx_gpu /home/yxw190015/HSAM/HSAM1/dMRI 
2021-06-04 03:14:14,700 - bb_pipeline_diff - ERROR - Exception type: 	<class 'subprocess.CalledProcessError'> 
2021-06-04 03:14:14,700 - bb_pipeline_diff - ERROR - Exception args: 	(126, '${FSLDIR}/bin/fsl_sub -q ${QUEUE_MORE_MEM} -N "bb_bedpostx_gpu_HSAM1" -j   -l /home/yxw190015/HSAM/HSAM1/logs/ $BB_BIN_DIR/bb_diffusion_pipeline/bb_bedpostx/bb_bedpostx_gpu /home/yxw190015/HSAM/HSAM1/dMRI') 
2021-06-04 03:14:14,700 - bb_pipeline_diff - ERROR - Exception message: 	Command '${FSLDIR}/bin/fsl_sub -q ${QUEUE_MORE_MEM} -N "bb_bedpostx_gpu_HSAM1" -j   -l /home/yxw190015/HSAM/HSAM1/logs/ $BB_BIN_DIR/bb_diffusion_pipeline/bb_bedpostx/bb_bedpostx_gpu /home/yxw190015/HSAM/HSAM1/dMRI' returned non-zero exit status 126. 
2021-06-04 03:14:14,700 - bb_pipeline_diff - INFO - COMMAND TO RUN: 	${FSLDIR}/bin/fsl_sub -q ${QUEUE_STANDARD} -N "bb_pre_probtrackx_HSAM1" -j  -l /home/yxw190015/HSAM/HSAM1/logs/ $BB_BIN_DIR/bb_diffusion_pipeline/bb_probtrackx2/bb_pre_probtrackx2 /home/yxw190015/HSAM/HSAM1 
2021-06-04 03:14:14,722 - bb_pipeline_diff - ERROR - Exception raised during execution of: 	${FSLDIR}/bin/fsl_sub -q ${QUEUE_STANDARD} -N "bb_pre_probtrackx_HSAM1" -j  -l /home/yxw190015/HSAM/HSAM1/logs/ $BB_BIN_DIR/bb_diffusion_pipeline/bb_probtrackx2/bb_pre_probtrackx2 /home/yxw190015/HSAM/HSAM1 
2021-06-04 03:14:14,722 - bb_pipeline_diff - ERROR - Exception type: 	<class 'subprocess.CalledProcessError'> 
2021-06-04 03:14:14,722 - bb_pipeline_diff - ERROR - Exception args: 	(126, '${FSLDIR}/bin/fsl_sub -q ${QUEUE_STANDARD} -N "bb_pre_probtrackx_HSAM1" -j  -l /home/yxw190015/HSAM/HSAM1/logs/ $BB_BIN_DIR/bb_diffusion_pipeline/bb_probtrackx2/bb_pre_probtrackx2 /home/yxw190015/HSAM/HSAM1') 
2021-06-04 03:14:14,722 - bb_pipeline_diff - ERROR - Exception message: 	Command '${FSLDIR}/bin/fsl_sub -q ${QUEUE_STANDARD} -N "bb_pre_probtrackx_HSAM1" -j  -l /home/yxw190015/HSAM/HSAM1/logs/ $BB_BIN_DIR/bb_diffusion_pipeline/bb_probtrackx2/bb_pre_probtrackx2 /home/yxw190015/HSAM/HSAM1' returned non-zero exit status 126. 
2021-06-04 03:14:14,722 - bb_pipeline_diff - INFO - COMMAND TO RUN: 	${FSLDIR}/bin/fsl_sub -q ${QUEUE_MAX_MEM} -N "bb_probtrackx_HSAM1" -j  -l /home/yxw190015/HSAM/HSAM1/logs/ $BB_BIN_DIR/bb_diffusion_pipeline/bb_probtrackx2/bb_probtrackx2 /home/yxw190015/HSAM/HSAM1/dMRI 
2021-06-04 03:14:14,743 - bb_pipeline_diff - ERROR - Exception raised during execution of: 	${FSLDIR}/bin/fsl_sub -q ${QUEUE_MAX_MEM} -N "bb_probtrackx_HSAM1" -j  -l /home/yxw190015/HSAM/HSAM1/logs/ $BB_BIN_DIR/bb_diffusion_pipeline/bb_probtrackx2/bb_probtrackx2 /home/yxw190015/HSAM/HSAM1/dMRI 
2021-06-04 03:14:14,743 - bb_pipeline_diff - ERROR - Exception type: 	<class 'subprocess.CalledProcessError'> 
2021-06-04 03:14:14,743 - bb_pipeline_diff - ERROR - Exception args: 	(126, '${FSLDIR}/bin/fsl_sub -q ${QUEUE_MAX_MEM} -N "bb_probtrackx_HSAM1" -j  -l /home/yxw190015/HSAM/HSAM1/logs/ $BB_BIN_DIR/bb_diffusion_pipeline/bb_probtrackx2/bb_probtrackx2 /home/yxw190015/HSAM/HSAM1/dMRI') 
2021-06-04 03:14:14,743 - bb_pipeline_diff - ERROR - Exception message: 	Command '${FSLDIR}/bin/fsl_sub -q ${QUEUE_MAX_MEM} -N "bb_probtrackx_HSAM1" -j  -l /home/yxw190015/HSAM/HSAM1/logs/ $BB_BIN_DIR/bb_diffusion_pipeline/bb_probtrackx2/bb_probtrackx2 /home/yxw190015/HSAM/HSAM1/dMRI' returned non-zero exit status 126. 
2021-06-04 03:14:14,743 - bb_pipeline_diff - INFO - COMMAND TO RUN: 	${FSLDIR}/bin/fsl_sub -q ${QUEUE_STANDARD} -N "tvb_eddyQUAD_HSAM1" -j  -l /home/yxw190015/HSAM/HSAM1/logs/ $BB_BIN_DIR/tvb_QC/tvb_eddyQUAD /home/yxw190015/HSAM/HSAM1 
2021-06-04 03:14:14,766 - bb_pipeline_diff - ERROR - Exception raised during execution of: 	${FSLDIR}/bin/fsl_sub -q ${QUEUE_STANDARD} -N "tvb_eddyQUAD_HSAM1" -j  -l /home/yxw190015/HSAM/HSAM1/logs/ $BB_BIN_DIR/tvb_QC/tvb_eddyQUAD /home/yxw190015/HSAM/HSAM1 
2021-06-04 03:14:14,766 - bb_pipeline_diff - ERROR - Exception type: 	<class 'subprocess.CalledProcessError'> 
2021-06-04 03:14:14,766 - bb_pipeline_diff - ERROR - Exception args: 	(126, '${FSLDIR}/bin/fsl_sub -q ${QUEUE_STANDARD} -N "tvb_eddyQUAD_HSAM1" -j  -l /home/yxw190015/HSAM/HSAM1/logs/ $BB_BIN_DIR/tvb_QC/tvb_eddyQUAD /home/yxw190015/HSAM/HSAM1') 
2021-06-04 03:14:14,766 - bb_pipeline_diff - ERROR - Exception message: 	Command '${FSLDIR}/bin/fsl_sub -q ${QUEUE_STANDARD} -N "tvb_eddyQUAD_HSAM1" -j  -l /home/yxw190015/HSAM/HSAM1/logs/ $BB_BIN_DIR/tvb_QC/tvb_eddyQUAD /home/yxw190015/HSAM/HSAM1' returned non-zero exit status 126. 
