2021-06-21 18:23:51,578 - bb_pipeline_diff - INFO - Starting the subject processing: Mon Jun 21 18:23:51 2021 
2021-06-21 18:23:51,578 - bb_pipeline_diff - INFO - Subject received as input: 000015 
2021-06-21 18:23:51,578 - bb_pipeline_diff - INFO - COMMAND TO RUN: 	${FSLDIR}/bin/fsl_sub -q ${QUEUE_STANDARD}   -N "bb_pre_eddy_000015" -j   -l /home/yxw190015/HSAM/000015/logs/ $BB_BIN_DIR/bb_diffusion_pipeline/bb_eddy/bb_pre_eddy 000015 
2021-06-21 18:23:51,601 - bb_pipeline_diff - ERROR - Exception raised during execution of: 	${FSLDIR}/bin/fsl_sub -q ${QUEUE_STANDARD}   -N "bb_pre_eddy_000015" -j   -l /home/yxw190015/HSAM/000015/logs/ $BB_BIN_DIR/bb_diffusion_pipeline/bb_eddy/bb_pre_eddy 000015 
2021-06-21 18:23:51,601 - bb_pipeline_diff - ERROR - Exception type: 	<class 'subprocess.CalledProcessError'> 
2021-06-21 18:23:51,601 - bb_pipeline_diff - ERROR - Exception args: 	(126, '${FSLDIR}/bin/fsl_sub -q ${QUEUE_STANDARD}   -N "bb_pre_eddy_000015" -j   -l /home/yxw190015/HSAM/000015/logs/ $BB_BIN_DIR/bb_diffusion_pipeline/bb_eddy/bb_pre_eddy 000015') 
2021-06-21 18:23:51,601 - bb_pipeline_diff - ERROR - Exception message: 	Command '${FSLDIR}/bin/fsl_sub -q ${QUEUE_STANDARD}   -N "bb_pre_eddy_000015" -j   -l /home/yxw190015/HSAM/000015/logs/ $BB_BIN_DIR/bb_diffusion_pipeline/bb_eddy/bb_pre_eddy 000015' returned non-zero exit status 126. 
2021-06-21 18:23:51,601 - bb_pipeline_diff - INFO - COMMAND TO RUN: 	${FSLDIR}/bin/fsl_sub -q ${QUEUE_STANDARD}  -N "bb_eddy_000015" -j   -l /home/yxw190015/HSAM/000015/logs/ $BB_BIN_DIR/bb_diffusion_pipeline/bb_eddy/bb_eddy_wrap /home/yxw190015/HSAM/000015 
2021-06-21 18:23:51,625 - bb_pipeline_diff - ERROR - Exception raised during execution of: 	${FSLDIR}/bin/fsl_sub -q ${QUEUE_STANDARD}  -N "bb_eddy_000015" -j   -l /home/yxw190015/HSAM/000015/logs/ $BB_BIN_DIR/bb_diffusion_pipeline/bb_eddy/bb_eddy_wrap /home/yxw190015/HSAM/000015 
2021-06-21 18:23:51,625 - bb_pipeline_diff - ERROR - Exception type: 	<class 'subprocess.CalledProcessError'> 
2021-06-21 18:23:51,625 - bb_pipeline_diff - ERROR - Exception args: 	(126, '${FSLDIR}/bin/fsl_sub -q ${QUEUE_STANDARD}  -N "bb_eddy_000015" -j   -l /home/yxw190015/HSAM/000015/logs/ $BB_BIN_DIR/bb_diffusion_pipeline/bb_eddy/bb_eddy_wrap /home/yxw190015/HSAM/000015') 
2021-06-21 18:23:51,625 - bb_pipeline_diff - ERROR - Exception message: 	Command '${FSLDIR}/bin/fsl_sub -q ${QUEUE_STANDARD}  -N "bb_eddy_000015" -j   -l /home/yxw190015/HSAM/000015/logs/ $BB_BIN_DIR/bb_diffusion_pipeline/bb_eddy/bb_eddy_wrap /home/yxw190015/HSAM/000015' returned non-zero exit status 126. 
2021-06-21 18:23:51,625 - bb_pipeline_diff - INFO - COMMAND TO RUN: 	${FSLDIR}/bin/fsl_sub -q ${QUEUE_STANDARD}  -N "bb_post_eddy_000015" -j   -l /home/yxw190015/HSAM/000015/logs/ $BB_BIN_DIR/bb_diffusion_pipeline/bb_eddy/bb_post_eddy /home/yxw190015/HSAM/000015 
2021-06-21 18:23:51,648 - bb_pipeline_diff - ERROR - Exception raised during execution of: 	${FSLDIR}/bin/fsl_sub -q ${QUEUE_STANDARD}  -N "bb_post_eddy_000015" -j   -l /home/yxw190015/HSAM/000015/logs/ $BB_BIN_DIR/bb_diffusion_pipeline/bb_eddy/bb_post_eddy /home/yxw190015/HSAM/000015 
2021-06-21 18:23:51,648 - bb_pipeline_diff - ERROR - Exception type: 	<class 'subprocess.CalledProcessError'> 
2021-06-21 18:23:51,648 - bb_pipeline_diff - ERROR - Exception args: 	(126, '${FSLDIR}/bin/fsl_sub -q ${QUEUE_STANDARD}  -N "bb_post_eddy_000015" -j   -l /home/yxw190015/HSAM/000015/logs/ $BB_BIN_DIR/bb_diffusion_pipeline/bb_eddy/bb_post_eddy /home/yxw190015/HSAM/000015') 
2021-06-21 18:23:51,648 - bb_pipeline_diff - ERROR - Exception message: 	Command '${FSLDIR}/bin/fsl_sub -q ${QUEUE_STANDARD}  -N "bb_post_eddy_000015" -j   -l /home/yxw190015/HSAM/000015/logs/ $BB_BIN_DIR/bb_diffusion_pipeline/bb_eddy/bb_post_eddy /home/yxw190015/HSAM/000015' returned non-zero exit status 126. 
2021-06-21 18:23:51,648 - bb_pipeline_diff - INFO - COMMAND TO RUN: 	${FSLDIR}/bin/fsl_sub -q ${QUEUE_STANDARD}   -N "bb_dtifit_000015" -j   -l /home/yxw190015/HSAM/000015/logs/ ${FSLDIR}/bin/dtifit -k /home/yxw190015/HSAM/000015/dMRI/dMRI/data_1_shell -m /home/yxw190015/HSAM/000015/dMRI/dMRI/nodif_brain_mask -r /home/yxw190015/HSAM/000015/dMRI/dMRI/data_1_shell.bvec -b /home/yxw190015/HSAM/000015/dMRI/dMRI/data_1_shell.bval -o /home/yxw190015/HSAM/000015/dMRI/dMRI/dti 
2021-06-21 18:23:51,671 - bb_pipeline_diff - ERROR - Exception raised during execution of: 	${FSLDIR}/bin/fsl_sub -q ${QUEUE_STANDARD}   -N "bb_dtifit_000015" -j   -l /home/yxw190015/HSAM/000015/logs/ ${FSLDIR}/bin/dtifit -k /home/yxw190015/HSAM/000015/dMRI/dMRI/data_1_shell -m /home/yxw190015/HSAM/000015/dMRI/dMRI/nodif_brain_mask -r /home/yxw190015/HSAM/000015/dMRI/dMRI/data_1_shell.bvec -b /home/yxw190015/HSAM/000015/dMRI/dMRI/data_1_shell.bval -o /home/yxw190015/HSAM/000015/dMRI/dMRI/dti 
2021-06-21 18:23:51,671 - bb_pipeline_diff - ERROR - Exception type: 	<class 'subprocess.CalledProcessError'> 
2021-06-21 18:23:51,671 - bb_pipeline_diff - ERROR - Exception args: 	(126, '${FSLDIR}/bin/fsl_sub -q ${QUEUE_STANDARD}   -N "bb_dtifit_000015" -j   -l /home/yxw190015/HSAM/000015/logs/ ${FSLDIR}/bin/dtifit -k /home/yxw190015/HSAM/000015/dMRI/dMRI/data_1_shell -m /home/yxw190015/HSAM/000015/dMRI/dMRI/nodif_brain_mask -r /home/yxw190015/HSAM/000015/dMRI/dMRI/data_1_shell.bvec -b /home/yxw190015/HSAM/000015/dMRI/dMRI/data_1_shell.bval -o /home/yxw190015/HSAM/000015/dMRI/dMRI/dti') 
2021-06-21 18:23:51,671 - bb_pipeline_diff - ERROR - Exception message: 	Command '${FSLDIR}/bin/fsl_sub -q ${QUEUE_STANDARD}   -N "bb_dtifit_000015" -j   -l /home/yxw190015/HSAM/000015/logs/ ${FSLDIR}/bin/dtifit -k /home/yxw190015/HSAM/000015/dMRI/dMRI/data_1_shell -m /home/yxw190015/HSAM/000015/dMRI/dMRI/nodif_brain_mask -r /home/yxw190015/HSAM/000015/dMRI/dMRI/data_1_shell.bvec -b /home/yxw190015/HSAM/000015/dMRI/dMRI/data_1_shell.bval -o /home/yxw190015/HSAM/000015/dMRI/dMRI/dti' returned non-zero exit status 126. 
2021-06-21 18:23:51,671 - bb_pipeline_diff - INFO - COMMAND TO RUN: 	${FSLDIR}/bin/fsl_sub -q ${QUEUE_STANDARD} -N "bb_tbss_000015" -j   -l /home/yxw190015/HSAM/000015/logs/ $BB_BIN_DIR/bb_diffusion_pipeline/bb_tbss/bb_tbss_general 000015 
2021-06-21 18:23:51,693 - bb_pipeline_diff - ERROR - Exception raised during execution of: 	${FSLDIR}/bin/fsl_sub -q ${QUEUE_STANDARD} -N "bb_tbss_000015" -j   -l /home/yxw190015/HSAM/000015/logs/ $BB_BIN_DIR/bb_diffusion_pipeline/bb_tbss/bb_tbss_general 000015 
2021-06-21 18:23:51,694 - bb_pipeline_diff - ERROR - Exception type: 	<class 'subprocess.CalledProcessError'> 
2021-06-21 18:23:51,694 - bb_pipeline_diff - ERROR - Exception args: 	(126, '${FSLDIR}/bin/fsl_sub -q ${QUEUE_STANDARD} -N "bb_tbss_000015" -j   -l /home/yxw190015/HSAM/000015/logs/ $BB_BIN_DIR/bb_diffusion_pipeline/bb_tbss/bb_tbss_general 000015') 
2021-06-21 18:23:51,694 - bb_pipeline_diff - ERROR - Exception message: 	Command '${FSLDIR}/bin/fsl_sub -q ${QUEUE_STANDARD} -N "bb_tbss_000015" -j   -l /home/yxw190015/HSAM/000015/logs/ $BB_BIN_DIR/bb_diffusion_pipeline/bb_tbss/bb_tbss_general 000015' returned non-zero exit status 126. 
2021-06-21 18:23:51,694 - bb_pipeline_diff - INFO - COMMAND TO RUN: 	${FSLDIR}/bin/fsl_sub -q ${QUEUE_STANDARD}   -N "bb_pre_bedpostx_gpu_000015" -j   -l /home/yxw190015/HSAM/000015/logs/ $BB_BIN_DIR/bb_diffusion_pipeline/bb_bedpostx/bb_pre_bedpostx_gpu /home/yxw190015/HSAM/000015/dMRI 
2021-06-21 18:23:51,716 - bb_pipeline_diff - ERROR - Exception raised during execution of: 	${FSLDIR}/bin/fsl_sub -q ${QUEUE_STANDARD}   -N "bb_pre_bedpostx_gpu_000015" -j   -l /home/yxw190015/HSAM/000015/logs/ $BB_BIN_DIR/bb_diffusion_pipeline/bb_bedpostx/bb_pre_bedpostx_gpu /home/yxw190015/HSAM/000015/dMRI 
2021-06-21 18:23:51,716 - bb_pipeline_diff - ERROR - Exception type: 	<class 'subprocess.CalledProcessError'> 
2021-06-21 18:23:51,716 - bb_pipeline_diff - ERROR - Exception args: 	(126, '${FSLDIR}/bin/fsl_sub -q ${QUEUE_STANDARD}   -N "bb_pre_bedpostx_gpu_000015" -j   -l /home/yxw190015/HSAM/000015/logs/ $BB_BIN_DIR/bb_diffusion_pipeline/bb_bedpostx/bb_pre_bedpostx_gpu /home/yxw190015/HSAM/000015/dMRI') 
2021-06-21 18:23:51,716 - bb_pipeline_diff - ERROR - Exception message: 	Command '${FSLDIR}/bin/fsl_sub -q ${QUEUE_STANDARD}   -N "bb_pre_bedpostx_gpu_000015" -j   -l /home/yxw190015/HSAM/000015/logs/ $BB_BIN_DIR/bb_diffusion_pipeline/bb_bedpostx/bb_pre_bedpostx_gpu /home/yxw190015/HSAM/000015/dMRI' returned non-zero exit status 126. 
2021-06-21 18:23:51,716 - bb_pipeline_diff - INFO - COMMAND TO RUN: 	${FSLDIR}/bin/fsl_sub -q ${QUEUE_MORE_MEM} -N "bb_bedpostx_gpu_000015" -j   -l /home/yxw190015/HSAM/000015/logs/ $BB_BIN_DIR/bb_diffusion_pipeline/bb_bedpostx/bb_bedpostx_gpu /home/yxw190015/HSAM/000015/dMRI 
2021-06-21 18:23:51,739 - bb_pipeline_diff - ERROR - Exception raised during execution of: 	${FSLDIR}/bin/fsl_sub -q ${QUEUE_MORE_MEM} -N "bb_bedpostx_gpu_000015" -j   -l /home/yxw190015/HSAM/000015/logs/ $BB_BIN_DIR/bb_diffusion_pipeline/bb_bedpostx/bb_bedpostx_gpu /home/yxw190015/HSAM/000015/dMRI 
2021-06-21 18:23:51,739 - bb_pipeline_diff - ERROR - Exception type: 	<class 'subprocess.CalledProcessError'> 
2021-06-21 18:23:51,739 - bb_pipeline_diff - ERROR - Exception args: 	(126, '${FSLDIR}/bin/fsl_sub -q ${QUEUE_MORE_MEM} -N "bb_bedpostx_gpu_000015" -j   -l /home/yxw190015/HSAM/000015/logs/ $BB_BIN_DIR/bb_diffusion_pipeline/bb_bedpostx/bb_bedpostx_gpu /home/yxw190015/HSAM/000015/dMRI') 
2021-06-21 18:23:51,739 - bb_pipeline_diff - ERROR - Exception message: 	Command '${FSLDIR}/bin/fsl_sub -q ${QUEUE_MORE_MEM} -N "bb_bedpostx_gpu_000015" -j   -l /home/yxw190015/HSAM/000015/logs/ $BB_BIN_DIR/bb_diffusion_pipeline/bb_bedpostx/bb_bedpostx_gpu /home/yxw190015/HSAM/000015/dMRI' returned non-zero exit status 126. 
2021-06-21 18:23:51,739 - bb_pipeline_diff - INFO - COMMAND TO RUN: 	${FSLDIR}/bin/fsl_sub -q ${QUEUE_STANDARD} -N "bb_pre_probtrackx_000015" -j  -l /home/yxw190015/HSAM/000015/logs/ $BB_BIN_DIR/bb_diffusion_pipeline/bb_probtrackx2/bb_pre_probtrackx2 /home/yxw190015/HSAM/000015 
2021-06-21 18:23:51,761 - bb_pipeline_diff - ERROR - Exception raised during execution of: 	${FSLDIR}/bin/fsl_sub -q ${QUEUE_STANDARD} -N "bb_pre_probtrackx_000015" -j  -l /home/yxw190015/HSAM/000015/logs/ $BB_BIN_DIR/bb_diffusion_pipeline/bb_probtrackx2/bb_pre_probtrackx2 /home/yxw190015/HSAM/000015 
2021-06-21 18:23:51,761 - bb_pipeline_diff - ERROR - Exception type: 	<class 'subprocess.CalledProcessError'> 
2021-06-21 18:23:51,761 - bb_pipeline_diff - ERROR - Exception args: 	(126, '${FSLDIR}/bin/fsl_sub -q ${QUEUE_STANDARD} -N "bb_pre_probtrackx_000015" -j  -l /home/yxw190015/HSAM/000015/logs/ $BB_BIN_DIR/bb_diffusion_pipeline/bb_probtrackx2/bb_pre_probtrackx2 /home/yxw190015/HSAM/000015') 
2021-06-21 18:23:51,761 - bb_pipeline_diff - ERROR - Exception message: 	Command '${FSLDIR}/bin/fsl_sub -q ${QUEUE_STANDARD} -N "bb_pre_probtrackx_000015" -j  -l /home/yxw190015/HSAM/000015/logs/ $BB_BIN_DIR/bb_diffusion_pipeline/bb_probtrackx2/bb_pre_probtrackx2 /home/yxw190015/HSAM/000015' returned non-zero exit status 126. 
2021-06-21 18:23:51,761 - bb_pipeline_diff - INFO - COMMAND TO RUN: 	${FSLDIR}/bin/fsl_sub -q ${QUEUE_MAX_MEM} -N "bb_probtrackx_000015" -j  -l /home/yxw190015/HSAM/000015/logs/ $BB_BIN_DIR/bb_diffusion_pipeline/bb_probtrackx2/bb_probtrackx2 /home/yxw190015/HSAM/000015/dMRI 
2021-06-21 18:23:51,783 - bb_pipeline_diff - ERROR - Exception raised during execution of: 	${FSLDIR}/bin/fsl_sub -q ${QUEUE_MAX_MEM} -N "bb_probtrackx_000015" -j  -l /home/yxw190015/HSAM/000015/logs/ $BB_BIN_DIR/bb_diffusion_pipeline/bb_probtrackx2/bb_probtrackx2 /home/yxw190015/HSAM/000015/dMRI 
2021-06-21 18:23:51,783 - bb_pipeline_diff - ERROR - Exception type: 	<class 'subprocess.CalledProcessError'> 
2021-06-21 18:23:51,783 - bb_pipeline_diff - ERROR - Exception args: 	(126, '${FSLDIR}/bin/fsl_sub -q ${QUEUE_MAX_MEM} -N "bb_probtrackx_000015" -j  -l /home/yxw190015/HSAM/000015/logs/ $BB_BIN_DIR/bb_diffusion_pipeline/bb_probtrackx2/bb_probtrackx2 /home/yxw190015/HSAM/000015/dMRI') 
2021-06-21 18:23:51,783 - bb_pipeline_diff - ERROR - Exception message: 	Command '${FSLDIR}/bin/fsl_sub -q ${QUEUE_MAX_MEM} -N "bb_probtrackx_000015" -j  -l /home/yxw190015/HSAM/000015/logs/ $BB_BIN_DIR/bb_diffusion_pipeline/bb_probtrackx2/bb_probtrackx2 /home/yxw190015/HSAM/000015/dMRI' returned non-zero exit status 126. 
2021-06-21 18:23:51,784 - bb_pipeline_diff - INFO - COMMAND TO RUN: 	${FSLDIR}/bin/fsl_sub -q ${QUEUE_STANDARD} -N "tvb_eddyQUAD_000015" -j  -l /home/yxw190015/HSAM/000015/logs/ $BB_BIN_DIR/tvb_QC/tvb_eddyQUAD /home/yxw190015/HSAM/000015 
2021-06-21 18:23:51,806 - bb_pipeline_diff - ERROR - Exception raised during execution of: 	${FSLDIR}/bin/fsl_sub -q ${QUEUE_STANDARD} -N "tvb_eddyQUAD_000015" -j  -l /home/yxw190015/HSAM/000015/logs/ $BB_BIN_DIR/tvb_QC/tvb_eddyQUAD /home/yxw190015/HSAM/000015 
2021-06-21 18:23:51,806 - bb_pipeline_diff - ERROR - Exception type: 	<class 'subprocess.CalledProcessError'> 
2021-06-21 18:23:51,806 - bb_pipeline_diff - ERROR - Exception args: 	(126, '${FSLDIR}/bin/fsl_sub -q ${QUEUE_STANDARD} -N "tvb_eddyQUAD_000015" -j  -l /home/yxw190015/HSAM/000015/logs/ $BB_BIN_DIR/tvb_QC/tvb_eddyQUAD /home/yxw190015/HSAM/000015') 
2021-06-21 18:23:51,806 - bb_pipeline_diff - ERROR - Exception message: 	Command '${FSLDIR}/bin/fsl_sub -q ${QUEUE_STANDARD} -N "tvb_eddyQUAD_000015" -j  -l /home/yxw190015/HSAM/000015/logs/ $BB_BIN_DIR/tvb_QC/tvb_eddyQUAD /home/yxw190015/HSAM/000015' returned non-zero exit status 126. 
